<?xml version="1.0" encoding="UTF-8"?>
<testsuite xmlns:xsi="http://www.w3.org/2001/XMLSchema-instance" xsi:noNamespaceSchemaLocation="https://maven.apache.org/surefire/maven-surefire-plugin/xsd/surefire-test-report.xsd" name="com.tmser.util.IdentitiesTest" time="0.412" tests="6" errors="0" skipped="0" failures="0">
  <properties>
    <property name="sun.desktop" value="windows"/>
    <property name="awt.toolkit" value="sun.awt.windows.WToolkit"/>
    <property name="java.specification.version" value="11"/>
    <property name="sun.cpu.isalist" value="amd64"/>
    <property name="sun.jnu.encoding" value="GBK"/>
    <property name="java.class.path" value="E:\third-git\tmser\tmser-utils\target\test-classes;E:\third-git\tmser\tmser-utils\target\classes;D:\repo\com\google\guava\guava\31.0.1-jre\guava-31.0.1-jre.jar;D:\repo\com\google\guava\failureaccess\1.0.1\failureaccess-1.0.1.jar;D:\repo\com\google\guava\listenablefuture\9999.0-empty-to-avoid-conflict-with-guava\listenablefuture-9999.0-empty-to-avoid-conflict-with-guava.jar;D:\repo\com\google\code\findbugs\jsr305\3.0.2\jsr305-3.0.2.jar;D:\repo\org\checkerframework\checker-qual\3.12.0\checker-qual-3.12.0.jar;D:\repo\com\google\errorprone\error_prone_annotations\2.7.1\error_prone_annotations-2.7.1.jar;D:\repo\com\google\j2objc\j2objc-annotations\1.3\j2objc-annotations-1.3.jar;D:\repo\org\springframework\spring-context\5.3.13\spring-context-5.3.13.jar;D:\repo\org\springframework\spring-aop\5.3.13\spring-aop-5.3.13.jar;D:\repo\org\springframework\spring-beans\5.3.13\spring-beans-5.3.13.jar;D:\repo\org\springframework\spring-core\5.3.13\spring-core-5.3.13.jar;D:\repo\org\springframework\spring-jcl\5.3.13\spring-jcl-5.3.13.jar;D:\repo\org\springframework\spring-expression\5.3.13\spring-expression-5.3.13.jar;D:\repo\org\apache\commons\commons-lang3\3.12.0\commons-lang3-3.12.0.jar;D:\repo\javax\servlet\javax.servlet-api\3.1.0\javax.servlet-api-3.1.0.jar;D:\repo\org\slf4j\slf4j-api\1.7.32\slf4j-api-1.7.32.jar;D:\repo\org\slf4j\jcl-over-slf4j\1.7.32\jcl-over-slf4j-1.7.32.jar;D:\repo\org\slf4j\jul-to-slf4j\1.7.32\jul-to-slf4j-1.7.32.jar;D:\repo\ch\qos\logback\logback-classic\1.2.7\logback-classic-1.2.7.jar;D:\repo\ch\qos\logback\logback-core\1.2.7\logback-core-1.2.7.jar;D:\repo\org\codehaus\janino\janino\3.1.6\janino-3.1.6.jar;D:\repo\org\codehaus\janino\commons-compiler\3.1.6\commons-compiler-3.1.6.jar;D:\repo\org\projectlombok\lombok\1.18.22\lombok-1.18.22.jar;D:\repo\junit\junit\4.13.2\junit-4.13.2.jar;D:\repo\org\hamcrest\hamcrest-core\2.2\hamcrest-core-2.2.jar;D:\repo\org\hamcrest\hamcrest\2.2\hamcrest-2.2.jar;D:\repo\org\springframework\spring-test\5.3.13\spring-test-5.3.13.jar;"/>
    <property name="java.vm.vendor" value="Oracle Corporation"/>
    <property name="sun.arch.data.model" value="64"/>
    <property name="user.variant" value=""/>
    <property name="java.vendor.url" value="http://java.oracle.com/"/>
    <property name="user.timezone" value="Asia/Shanghai"/>
    <property name="java.vm.specification.version" value="11"/>
    <property name="os.name" value="Windows 10"/>
    <property name="sun.java.launcher" value="SUN_STANDARD"/>
    <property name="user.country" value="CN"/>
    <property name="sun.boot.library.path" value="D:\Program\Java\jdk-11.0.4\bin"/>
    <property name="sun.java.command" value="C:\Users\tmser\AppData\Local\Temp\surefire17532670662688494824\surefirebooter17758305349687382355.jar C:\Users\tmser\AppData\Local\Temp\surefire17532670662688494824 2021-12-01T14-43-41_898-jvmRun1 surefire10265656258713612326tmp surefire_013232819845704214199tmp"/>
    <property name="jdk.debug" value="release"/>
    <property name="surefire.test.class.path" value="E:\third-git\tmser\tmser-utils\target\test-classes;E:\third-git\tmser\tmser-utils\target\classes;D:\repo\com\google\guava\guava\31.0.1-jre\guava-31.0.1-jre.jar;D:\repo\com\google\guava\failureaccess\1.0.1\failureaccess-1.0.1.jar;D:\repo\com\google\guava\listenablefuture\9999.0-empty-to-avoid-conflict-with-guava\listenablefuture-9999.0-empty-to-avoid-conflict-with-guava.jar;D:\repo\com\google\code\findbugs\jsr305\3.0.2\jsr305-3.0.2.jar;D:\repo\org\checkerframework\checker-qual\3.12.0\checker-qual-3.12.0.jar;D:\repo\com\google\errorprone\error_prone_annotations\2.7.1\error_prone_annotations-2.7.1.jar;D:\repo\com\google\j2objc\j2objc-annotations\1.3\j2objc-annotations-1.3.jar;D:\repo\org\springframework\spring-context\5.3.13\spring-context-5.3.13.jar;D:\repo\org\springframework\spring-aop\5.3.13\spring-aop-5.3.13.jar;D:\repo\org\springframework\spring-beans\5.3.13\spring-beans-5.3.13.jar;D:\repo\org\springframework\spring-core\5.3.13\spring-core-5.3.13.jar;D:\repo\org\springframework\spring-jcl\5.3.13\spring-jcl-5.3.13.jar;D:\repo\org\springframework\spring-expression\5.3.13\spring-expression-5.3.13.jar;D:\repo\org\apache\commons\commons-lang3\3.12.0\commons-lang3-3.12.0.jar;D:\repo\javax\servlet\javax.servlet-api\3.1.0\javax.servlet-api-3.1.0.jar;D:\repo\org\slf4j\slf4j-api\1.7.32\slf4j-api-1.7.32.jar;D:\repo\org\slf4j\jcl-over-slf4j\1.7.32\jcl-over-slf4j-1.7.32.jar;D:\repo\org\slf4j\jul-to-slf4j\1.7.32\jul-to-slf4j-1.7.32.jar;D:\repo\ch\qos\logback\logback-classic\1.2.7\logback-classic-1.2.7.jar;D:\repo\ch\qos\logback\logback-core\1.2.7\logback-core-1.2.7.jar;D:\repo\org\codehaus\janino\janino\3.1.6\janino-3.1.6.jar;D:\repo\org\codehaus\janino\commons-compiler\3.1.6\commons-compiler-3.1.6.jar;D:\repo\org\projectlombok\lombok\1.18.22\lombok-1.18.22.jar;D:\repo\junit\junit\4.13.2\junit-4.13.2.jar;D:\repo\org\hamcrest\hamcrest-core\2.2\hamcrest-core-2.2.jar;D:\repo\org\hamcrest\hamcrest\2.2\hamcrest-2.2.jar;D:\repo\org\springframework\spring-test\5.3.13\spring-test-5.3.13.jar;"/>
    <property name="sun.cpu.endian" value="little"/>
    <property name="user.home" value="C:\Users\tmser"/>
    <property name="user.language" value="zh"/>
    <property name="java.specification.vendor" value="Oracle Corporation"/>
    <property name="java.version.date" value="2019-01-15"/>
    <property name="java.home" value="D:\Program\Java\jdk-11.0.4"/>
    <property name="file.separator" value="\"/>
    <property name="basedir" value="E:\third-git\tmser\tmser-utils"/>
    <property name="java.vm.compressedOopsMode" value="Zero based"/>
    <property name="line.separator" value="&#10;"/>
    <property name="java.specification.name" value="Java Platform API Specification"/>
    <property name="java.vm.specification.vendor" value="Oracle Corporation"/>
    <property name="java.awt.graphicsenv" value="sun.awt.Win32GraphicsEnvironment"/>
    <property name="surefire.real.class.path" value="C:\Users\tmser\AppData\Local\Temp\surefire17532670662688494824\surefirebooter17758305349687382355.jar"/>
    <property name="user.script" value=""/>
    <property name="sun.management.compiler" value="HotSpot 64-Bit Tiered Compilers"/>
    <property name="java.runtime.version" value="11.0.2+9"/>
    <property name="user.name" value="tmser"/>
    <property name="path.separator" value=";"/>
    <property name="os.version" value="10.0"/>
    <property name="java.runtime.name" value="OpenJDK Runtime Environment"/>
    <property name="file.encoding" value="UTF-8"/>
    <property name="java.vm.name" value="OpenJDK 64-Bit Server VM"/>
    <property name="java.vendor.version" value="18.9"/>
    <property name="localRepository" value="D:\repo"/>
    <property name="java.vendor.url.bug" value="http://bugreport.java.com/bugreport/"/>
    <property name="java.io.tmpdir" value="C:\Users\tmser\AppData\Local\Temp\"/>
    <property name="java.version" value="11.0.2"/>
    <property name="user.dir" value="E:\third-git\tmser\tmser-utils"/>
    <property name="os.arch" value="amd64"/>
    <property name="java.vm.specification.name" value="Java Virtual Machine Specification"/>
    <property name="java.awt.printerjob" value="sun.awt.windows.WPrinterJob"/>
    <property name="sun.os.patch.level" value=""/>
    <property name="java.library.path" value="D:\Program\Java\jdk-11.0.4\bin;C:\WINDOWS\Sun\Java\bin;C:\WINDOWS\system32;C:\WINDOWS;D:\Program\Python\Scripts\;D:\Program\Python\;D:\Program\Python\Python36-32\Scripts\;D:\Program\Python\Python36-32\;C:\Program Files (x86)\Intel\Intel(R) Management Engine Components\iCLS\;C:\Program Files\Intel\Intel(R) Management Engine Components\iCLS\;C:\WINDOWS\system32;C:\WINDOWS;C:\WINDOWS\System32\Wbem;C:\WINDOWS\System32\WindowsPowerShell\v1.0\;C:\WINDOWS\System32\OpenSSH\;C:\Program Files (x86)\Intel\Intel(R) Management Engine Components\DAL;C:\Program Files\Intel\Intel(R) Management Engine Components\DAL;D:\Program\Java\jdk-11.0.4\bin;D:\Program\apache-maven-3.5.3\bin;D:\Program\TortoiseGit\bin;D:\source\ffmpeg-20181106-d96ae9d-win64-static\bin;C:\Android;C:\Windows\System32;d:\Program\Git\cmd;D:\Program\nodejs\;C:\Go\bin;D:\Program\php7;C:\ProgramData\ComposerSetup\bin;C:\Users\tmser\AppData\Local\Microsoft\WindowsApps;d:\Program\Microsoft VS Code\bin;d:\Program\Fiddler;C:\Users\tmser\AppData\Local\BypassRuntm;D:\Program\UltraEdit\;C:\Users\tmser\AppData\Local\Microsoft\WindowsApps;d:\Program\Docker Toolbox;D:\gradle-6.5.1-bin\bin;C:\Users\tmser\AppData\Roaming\npm;C:\Users\tmser\go\bin;C:\Users\tmser\AppData\Roaming\Composer\vendor\bin;C:\webdriver;;."/>
    <property name="java.vendor" value="Oracle Corporation"/>
    <property name="java.vm.info" value="mixed mode"/>
    <property name="java.vm.version" value="11.0.2+9"/>
    <property name="sun.io.unicode.encoding" value="UnicodeLittle"/>
    <property name="java.class.version" value="55.0"/>
  </properties>
  <testcase name="getRandomSequence" classname="com.tmser.util.IdentitiesTest" time="0.012"/>
  <testcase name="randomInt" classname="com.tmser.util.IdentitiesTest" time="0"/>
  <testcase name="uuid" classname="com.tmser.util.IdentitiesTest" time="0.279"/>
  <testcase name="uuid2" classname="com.tmser.util.IdentitiesTest" time="0.001"/>
  <testcase name="randomLong" classname="com.tmser.util.IdentitiesTest" time="0"/>
  <testcase name="generateId" classname="com.tmser.util.IdentitiesTest" time="0.064"/>
</testsuite>